d:\编程代码存放处\mysql\mysql\debug\vc141.pdb
d:\编程代码存放处\mysql\mysql\debug\vc141.idb
d:\编程代码存放处\mysql\mysql\debug\test.obj
d:\编程代码存放处\mysql\mysql\debug\database.obj
d:\编程代码存放处\mysql\mysql\debug\common.obj
d:\编程代码存放处\mysql\mysql\debug\main.obj
d:\编程代码存放处\mysql\debug\mysql.ilk
d:\编程代码存放处\mysql\debug\mysql.exe
d:\编程代码存放处\mysql\debug\mysql.pdb
d:\nju\3rd semester\数据结构\大作业\mysql\mysql\debug\common.obj
d:\nju\3rd semester\数据结构\大作业\mysql\mysql\debug\database.obj
d:\nju\3rd semester\数据结构\大作业\mysql\mysql\debug\main.obj
d:\nju\3rd semester\数据结构\大作业\mysql\mysql\debug\test.obj
d:\nju\3rd semester\数据结构\大作业\mysql\mysql\debug\vc141.idb
d:\nju\3rd semester\数据结构\大作业\mysql\mysql\debug\vc141.pdb
d:\nju\3rd semester\数据结构\大作业\mysql\debug\mysql.pdb
d:\nju\3rd semester\数据结构\大作业\mysql\debug\mysql.exe
d:\nju\3rd semester\数据结构\大作业\mysql\debug\mysql.ilk
d:\nju\3rd semester\数据结构\大作业\mysql\mysql\debug\mysql.tlog\cl.command.1.tlog
d:\nju\3rd semester\数据结构\大作业\mysql\mysql\debug\mysql.tlog\cl.read.1.tlog
d:\nju\3rd semester\数据结构\大作业\mysql\mysql\debug\mysql.tlog\cl.write.1.tlog
d:\nju\3rd semester\数据结构\大作业\mysql\mysql\debug\mysql.tlog\link.command.1.tlog
d:\nju\3rd semester\数据结构\大作业\mysql\mysql\debug\mysql.tlog\link.read.1.tlog
d:\nju\3rd semester\数据结构\大作业\mysql\mysql\debug\mysql.tlog\link.write.1.tlog
